
-----------------------------------------------------------------
  pg_upgrade run on Wed May 17 16:16:05 2017
-----------------------------------------------------------------

You must identify the directory where the old cluster binaries reside.
Please use the -b command-line option or the PGBINOLD environment variable.

-----------------------------------------------------------------
  pg_upgrade run on Wed May 17 16:16:15 2017
-----------------------------------------------------------------

You must identify the directory where the old cluster binaries reside.
Please use the -b command-line option or the PGBINOLD environment variable.
Running in verbose mode

-----------------------------------------------------------------
  pg_upgrade run on Wed May 17 16:16:56 2017
-----------------------------------------------------------------

check for "/usr/local/Cellar/postgresql/9.4.5_2/bin" failed: No such file or directory


-----------------------------------------------------------------
  pg_upgrade run on Wed May 17 16:17:24 2017
-----------------------------------------------------------------

You must identify the directory where the old cluster binaries reside.
Please use the -b command-line option or the PGBINOLD environment variable.
